Analysis & Synthesis report for ep16
Thu Dec 31 16:20:50 2020
Quartus Prime Version 18.1.0 Build 625 09/12/2018 SJ Lite Edition


---------------------
; Table of Contents ;
---------------------
  1. Legal Notice
  2. Analysis & Synthesis Summary
  3. Analysis & Synthesis Settings
  4. Parallel Compilation
  5. Analysis & Synthesis Source Files Read
  6. Analysis & Synthesis Resource Usage Summary
  7. Analysis & Synthesis Resource Utilization by Entity
  8. Analysis & Synthesis RAM Summary
  9. Analysis & Synthesis IP Cores Summary
 10. Registers Removed During Synthesis
 11. General Register Statistics
 12. Inverted Register Statistics
 13. Multiplexer Restructuring Statistics (Restructuring Performed)
 14. Source assignments for ep16_ram:ram_memory_0|altsyncram:altsyncram_component|altsyncram_33u3:auto_generated|altsyncram_nir2:altsyncram1
 15. Parameter Settings for User Entity Instance: ep16:cpu1
 16. Parameter Settings for User Entity Instance: ep16_ram:ram_memory_0|altsyncram:altsyncram_component
 17. altsyncram Parameter Settings by Entity Instance
 18. Port Connectivity Checks: "uart:uart1"
 19. Port Connectivity Checks: "ep16:cpu1"
 20. In-System Memory Content Editor Settings
 21. Post-Synthesis Netlist Statistics for Top Partition
 22. Elapsed Time Per Partition
 23. Analysis & Synthesis Messages



----------------
; Legal Notice ;
----------------
Copyright (C) 2018  Intel Corporation. All rights reserved.
Your use of Intel Corporation's design tools, logic functions 
and other software and tools, and its AMPP partner logic 
functions, and any output files from any of the foregoing 
(including device programming or simulation files), and any 
associated documentation or information are expressly subject 
to the terms and conditions of the Intel Program License 
Subscription Agreement, the Intel Quartus Prime License Agreement,
the Intel FPGA IP License Agreement, or other applicable license
agreement, including, without limitation, that your use is for
the sole purpose of programming logic devices manufactured by
Intel and sold by Intel or its authorized distributors.  Please
refer to the applicable agreement for further details.



+----------------------------------------------------------------------------------+
; Analysis & Synthesis Summary                                                     ;
+------------------------------------+---------------------------------------------+
; Analysis & Synthesis Status        ; Successful - Thu Dec 31 16:20:50 2020       ;
; Quartus Prime Version              ; 18.1.0 Build 625 09/12/2018 SJ Lite Edition ;
; Revision Name                      ; ep16                                        ;
; Top-level Entity Name              ; ep16_chip                                   ;
; Family                             ; Cyclone IV E                                ;
; Total logic elements               ; 2,894                                       ;
;     Total combinational functions  ; 1,715                                       ;
;     Dedicated logic registers      ; 1,456                                       ;
; Total registers                    ; 1456                                        ;
; Total pins                         ; 21                                          ;
; Total virtual pins                 ; 0                                           ;
; Total memory bits                  ; 65,536                                      ;
; Embedded Multiplier 9-bit elements ; 0                                           ;
; Total PLLs                         ; 0                                           ;
+------------------------------------+---------------------------------------------+


+------------------------------------------------------------------------------------------------------------+
; Analysis & Synthesis Settings                                                                              ;
+------------------------------------------------------------------+--------------------+--------------------+
; Option                                                           ; Setting            ; Default Value      ;
+------------------------------------------------------------------+--------------------+--------------------+
; Device                                                           ; EP4CE6E22C8        ;                    ;
; Top-level entity name                                            ; ep16_chip          ; ep16               ;
; Family name                                                      ; Cyclone IV E       ; Cyclone V          ;
; Use smart compilation                                            ; Off                ; Off                ;
; Enable parallel Assembler and Timing Analyzer during compilation ; On                 ; On                 ;
; Enable compact report table                                      ; Off                ; Off                ;
; Restructure Multiplexers                                         ; Auto               ; Auto               ;
; Create Debugging Nodes for IP Cores                              ; Off                ; Off                ;
; Preserve fewer node names                                        ; On                 ; On                 ;
; Intel FPGA IP Evaluation Mode                                    ; Enable             ; Enable             ;
; Verilog Version                                                  ; Verilog_2001       ; Verilog_2001       ;
; VHDL Version                                                     ; VHDL_1993          ; VHDL_1993          ;
; State Machine Processing                                         ; Auto               ; Auto               ;
; Safe State Machine                                               ; Off                ; Off                ;
; Extract Verilog State Machines                                   ; On                 ; On                 ;
; Extract VHDL State Machines                                      ; On                 ; On                 ;
; Ignore Verilog initial constructs                                ; Off                ; Off                ;
; Iteration limit for constant Verilog loops                       ; 5000               ; 5000               ;
; Iteration limit for non-constant Verilog loops                   ; 250                ; 250                ;
; Add Pass-Through Logic to Inferred RAMs                          ; On                 ; On                 ;
; Infer RAMs from Raw Logic                                        ; On                 ; On                 ;
; Parallel Synthesis                                               ; On                 ; On                 ;
; DSP Block Balancing                                              ; Auto               ; Auto               ;
; NOT Gate Push-Back                                               ; On                 ; On                 ;
; Power-Up Don't Care                                              ; On                 ; On                 ;
; Remove Redundant Logic Cells                                     ; Off                ; Off                ;
; Remove Duplicate Registers                                       ; On                 ; On                 ;
; Ignore CARRY Buffers                                             ; Off                ; Off                ;
; Ignore CASCADE Buffers                                           ; Off                ; Off                ;
; Ignore GLOBAL Buffers                                            ; Off                ; Off                ;
; Ignore ROW GLOBAL Buffers                                        ; Off                ; Off                ;
; Ignore LCELL Buffers                                             ; Off                ; Off                ;
; Ignore SOFT Buffers                                              ; On                 ; On                 ;
; Limit AHDL Integers to 32 Bits                                   ; Off                ; Off                ;
; Optimization Technique                                           ; Balanced           ; Balanced           ;
; Carry Chain Length                                               ; 70                 ; 70                 ;
; Auto Carry Chains                                                ; On                 ; On                 ;
; Auto Open-Drain Pins                                             ; On                 ; On                 ;
; Perform WYSIWYG Primitive Resynthesis                            ; Off                ; Off                ;
; Auto ROM Replacement                                             ; On                 ; On                 ;
; Auto RAM Replacement                                             ; On                 ; On                 ;
; Auto DSP Block Replacement                                       ; On                 ; On                 ;
; Auto Shift Register Replacement                                  ; Auto               ; Auto               ;
; Allow Shift Register Merging across Hierarchies                  ; Auto               ; Auto               ;
; Auto Clock Enable Replacement                                    ; On                 ; On                 ;
; Strict RAM Replacement                                           ; Off                ; Off                ;
; Allow Synchronous Control Signals                                ; On                 ; On                 ;
; Force Use of Synchronous Clear Signals                           ; Off                ; Off                ;
; Auto RAM Block Balancing                                         ; On                 ; On                 ;
; Auto RAM to Logic Cell Conversion                                ; Off                ; Off                ;
; Auto Resource Sharing                                            ; Off                ; Off                ;
; Allow Any RAM Size For Recognition                               ; Off                ; Off                ;
; Allow Any ROM Size For Recognition                               ; Off                ; Off                ;
; Allow Any Shift Register Size For Recognition                    ; Off                ; Off                ;
; Use LogicLock Constraints during Resource Balancing              ; On                 ; On                 ;
; Ignore translate_off and synthesis_off directives                ; Off                ; Off                ;
; Timing-Driven Synthesis                                          ; On                 ; On                 ;
; Report Parameter Settings                                        ; On                 ; On                 ;
; Report Source Assignments                                        ; On                 ; On                 ;
; Report Connectivity Checks                                       ; On                 ; On                 ;
; Ignore Maximum Fan-Out Assignments                               ; Off                ; Off                ;
; Synchronization Register Chain Length                            ; 2                  ; 2                  ;
; Power Optimization During Synthesis                              ; Normal compilation ; Normal compilation ;
; HDL message level                                                ; Level2             ; Level2             ;
; Suppress Register Optimization Related Messages                  ; Off                ; Off                ;
; Number of Removed Registers Reported in Synthesis Report         ; 5000               ; 5000               ;
; Number of Swept Nodes Reported in Synthesis Report               ; 5000               ; 5000               ;
; Number of Inverted Registers Reported in Synthesis Report        ; 100                ; 100                ;
; Clock MUX Protection                                             ; On                 ; On                 ;
; Auto Gated Clock Conversion                                      ; Off                ; Off                ;
; Block Design Naming                                              ; Auto               ; Auto               ;
; SDC constraint protection                                        ; Off                ; Off                ;
; Synthesis Effort                                                 ; Auto               ; Auto               ;
; Shift Register Replacement - Allow Asynchronous Clear Signal     ; On                 ; On                 ;
; Pre-Mapping Resynthesis Optimization                             ; Off                ; Off                ;
; Analysis & Synthesis Message Level                               ; Medium             ; Medium             ;
; Disable Register Merging Across Hierarchies                      ; Auto               ; Auto               ;
; Resource Aware Inference For Block RAM                           ; On                 ; On                 ;
+------------------------------------------------------------------+--------------------+--------------------+


+------------------------------------------+
; Parallel Compilation                     ;
+----------------------------+-------------+
; Processors                 ; Number      ;
+----------------------------+-------------+
; Number detected on machine ; 4           ;
; Maximum allowed            ; 4           ;
;                            ;             ;
; Average used               ; 1.00        ;
; Maximum used               ; 4           ;
;                            ;             ;
; Usage by Processor         ; % Time Used ;
;     Processor 1            ; 100.0%      ;
;     Processor 2            ;   0.0%      ;
;     Processor 3            ;   0.0%      ;
;     Processor 4            ;   0.0%      ;
+----------------------------+-------------+


+------------------------------------------------------------------------------------------------------------------------------------------------------------------------------------------------------------------------------------------------------+
; Analysis & Synthesis Source Files Read                                                                                                                                                                                                               ;
+--------------------------------------------------------------------+-----------------+----------------------------------------------+--------------------------------------------------------------------------------------------------+-------------+
; File Name with User-Entered Path                                   ; Used in Netlist ; File Type                                    ; File Name with Absolute Path                                                                     ; Library     ;
+--------------------------------------------------------------------+-----------------+----------------------------------------------+--------------------------------------------------------------------------------------------------+-------------+
; uart16.vhd                                                         ; yes             ; User VHDL File                               ; C:/Users/Demom/Documents/eP16/uart16.vhd                                                         ;             ;
; gpio16.vhd                                                         ; yes             ; User VHDL File                               ; C:/Users/Demom/Documents/eP16/gpio16.vhd                                                         ;             ;
; ep16_chip.vhd                                                      ; yes             ; User VHDL File                               ; C:/Users/Demom/Documents/eP16/ep16_chip.vhd                                                      ;             ;
; ep16.vhd                                                           ; yes             ; User VHDL File                               ; C:/Users/Demom/Documents/eP16/ep16.vhd                                                           ;             ;
; ep16_ram.vhd                                                       ; yes             ; User Wizard-Generated File                   ; C:/Users/Demom/Documents/eP16/ep16_ram.vhd                                                       ;             ;
; altsyncram.tdf                                                     ; yes             ; Megafunction                                 ; c:/intelfpga_lite/18.1/quartus/libraries/megafunctions/altsyncram.tdf                            ;             ;
; stratix_ram_block.inc                                              ; yes             ; Megafunction                                 ; c:/intelfpga_lite/18.1/quartus/libraries/megafunctions/stratix_ram_block.inc                     ;             ;
; lpm_mux.inc                                                        ; yes             ; Megafunction                                 ; c:/intelfpga_lite/18.1/quartus/libraries/megafunctions/lpm_mux.inc                               ;             ;
; lpm_decode.inc                                                     ; yes             ; Megafunction                                 ; c:/intelfpga_lite/18.1/quartus/libraries/megafunctions/lpm_decode.inc                            ;             ;
; aglobal181.inc                                                     ; yes             ; Megafunction                                 ; c:/intelfpga_lite/18.1/quartus/libraries/megafunctions/aglobal181.inc                            ;             ;
; a_rdenreg.inc                                                      ; yes             ; Megafunction                                 ; c:/intelfpga_lite/18.1/quartus/libraries/megafunctions/a_rdenreg.inc                             ;             ;
; altrom.inc                                                         ; yes             ; Megafunction                                 ; c:/intelfpga_lite/18.1/quartus/libraries/megafunctions/altrom.inc                                ;             ;
; altram.inc                                                         ; yes             ; Megafunction                                 ; c:/intelfpga_lite/18.1/quartus/libraries/megafunctions/altram.inc                                ;             ;
; altdpram.inc                                                       ; yes             ; Megafunction                                 ; c:/intelfpga_lite/18.1/quartus/libraries/megafunctions/altdpram.inc                              ;             ;
; db/altsyncram_33u3.tdf                                             ; yes             ; Auto-Generated Megafunction                  ; C:/Users/Demom/Documents/eP16/db/altsyncram_33u3.tdf                                             ;             ;
; db/altsyncram_nir2.tdf                                             ; yes             ; Auto-Generated Megafunction                  ; C:/Users/Demom/Documents/eP16/db/altsyncram_nir2.tdf                                             ;             ;
; mem.mif                                                            ; yes             ; Auto-Found Memory Initialization File        ; C:/Users/Demom/Documents/eP16/mem.mif                                                            ;             ;
; sld_mod_ram_rom.vhd                                                ; yes             ; Encrypted Megafunction                       ; c:/intelfpga_lite/18.1/quartus/libraries/megafunctions/sld_mod_ram_rom.vhd                       ;             ;
; sld_jtag_endpoint_adapter.vhd                                      ; yes             ; Encrypted Megafunction                       ; c:/intelfpga_lite/18.1/quartus/libraries/megafunctions/sld_jtag_endpoint_adapter.vhd             ;             ;
; sld_jtag_endpoint_adapter_impl.sv                                  ; yes             ; Encrypted Megafunction                       ; c:/intelfpga_lite/18.1/quartus/libraries/megafunctions/sld_jtag_endpoint_adapter_impl.sv         ;             ;
; sld_rom_sr.vhd                                                     ; yes             ; Encrypted Megafunction                       ; c:/intelfpga_lite/18.1/quartus/libraries/megafunctions/sld_rom_sr.vhd                            ;             ;
; sld_hub.vhd                                                        ; yes             ; Encrypted Megafunction                       ; c:/intelfpga_lite/18.1/quartus/libraries/megafunctions/sld_hub.vhd                               ; altera_sld  ;
; db/ip/sld08f9c845/alt_sld_fab.v                                    ; yes             ; Encrypted Auto-Found Verilog HDL File        ; C:/Users/Demom/Documents/eP16/db/ip/sld08f9c845/alt_sld_fab.v                                    ; alt_sld_fab ;
; db/ip/sld08f9c845/submodules/alt_sld_fab_alt_sld_fab.v             ; yes             ; Encrypted Auto-Found Verilog HDL File        ; C:/Users/Demom/Documents/eP16/db/ip/sld08f9c845/submodules/alt_sld_fab_alt_sld_fab.v             ; alt_sld_fab ;
; db/ip/sld08f9c845/submodules/alt_sld_fab_alt_sld_fab_ident.sv      ; yes             ; Auto-Found SystemVerilog HDL File            ; C:/Users/Demom/Documents/eP16/db/ip/sld08f9c845/submodules/alt_sld_fab_alt_sld_fab_ident.sv      ; alt_sld_fab ;
; db/ip/sld08f9c845/submodules/alt_sld_fab_alt_sld_fab_presplit.sv   ; yes             ; Encrypted Auto-Found SystemVerilog HDL File  ; C:/Users/Demom/Documents/eP16/db/ip/sld08f9c845/submodules/alt_sld_fab_alt_sld_fab_presplit.sv   ; alt_sld_fab ;
; db/ip/sld08f9c845/submodules/alt_sld_fab_alt_sld_fab_sldfabric.vhd ; yes             ; Encrypted Auto-Found VHDL File               ; C:/Users/Demom/Documents/eP16/db/ip/sld08f9c845/submodules/alt_sld_fab_alt_sld_fab_sldfabric.vhd ; alt_sld_fab ;
; db/ip/sld08f9c845/submodules/alt_sld_fab_alt_sld_fab_splitter.sv   ; yes             ; Encrypted Auto-Found SystemVerilog HDL File  ; C:/Users/Demom/Documents/eP16/db/ip/sld08f9c845/submodules/alt_sld_fab_alt_sld_fab_splitter.sv   ; alt_sld_fab ;
; sld_jtag_hub.vhd                                                   ; yes             ; Encrypted Megafunction                       ; c:/intelfpga_lite/18.1/quartus/libraries/megafunctions/sld_jtag_hub.vhd                          ;             ;
+--------------------------------------------------------------------+-----------------+----------------------------------------------+--------------------------------------------------------------------------------------------------+-------------+


+----------------------------------------------------------+
; Analysis & Synthesis Resource Usage Summary              ;
+---------------------------------------------+------------+
; Resource                                    ; Usage      ;
+---------------------------------------------+------------+
; Estimated Total logic elements              ; 2,894      ;
;                                             ;            ;
; Total combinational functions               ; 1715       ;
; Logic element usage by number of LUT inputs ;            ;
;     -- 4 input functions                    ; 1197       ;
;     -- 3 input functions                    ; 333        ;
;     -- <=2 input functions                  ; 185        ;
;                                             ;            ;
; Logic elements by mode                      ;            ;
;     -- normal mode                          ; 1579       ;
;     -- arithmetic mode                      ; 136        ;
;                                             ;            ;
; Total registers                             ; 1456       ;
;     -- Dedicated logic registers            ; 1456       ;
;     -- I/O registers                        ; 0          ;
;                                             ;            ;
; I/O pins                                    ; 21         ;
; Total memory bits                           ; 65536      ;
;                                             ;            ;
; Embedded Multiplier 9-bit elements          ; 0          ;
;                                             ;            ;
; Maximum fan-out node                        ; aclk~input ;
; Maximum fan-out                             ; 1334       ;
; Total fan-out                               ; 12499      ;
; Average fan-out                             ; 3.84       ;
+---------------------------------------------+------------+


+-------------------------------------------------------------------------------------------------------------------------------------------------------------------------------------------------------------------------------------------------------------------------------------------------------------------------------------------------------------------------------------------------------------------------------------------------------------------------------------------------------------------------------------------------------------------------------------------------------------------------------------------------------------------------------+
; Analysis & Synthesis Resource Utilization by Entity                                                                                                                                                                                                                                                                                                                                                                                                                                                                                                                                                                                                                           ;
+-----------------------------------------------------------------------------------------------------------------------------------------+---------------------+---------------------------+-------------+--------------+---------+-----------+------+--------------+-------------------------------------------------------------------------------------------------------------------------------------------------------------------------------------------------------------------------------------------------------------------------------------------------------------------------------------------------------+-----------------------------------+--------------+
; Compilation Hierarchy Node                                                                                                              ; Combinational ALUTs ; Dedicated Logic Registers ; Memory Bits ; DSP Elements ; DSP 9x9 ; DSP 18x18 ; Pins ; Virtual Pins ; Full Hierarchy Name                                                                                                                                                                                                                                                                                                                                   ; Entity Name                       ; Library Name ;
+-----------------------------------------------------------------------------------------------------------------------------------------+---------------------+---------------------------+-------------+--------------+---------+-----------+------+--------------+-------------------------------------------------------------------------------------------------------------------------------------------------------------------------------------------------------------------------------------------------------------------------------------------------------------------------------------------------------+-----------------------------------+--------------+
; |ep16_chip                                                                                                                              ; 1715 (98)           ; 1456 (0)                  ; 65536       ; 0            ; 0       ; 0         ; 21   ; 0            ; |ep16_chip                                                                                                                                                                                                                                                                                                                                            ; ep16_chip                         ; work         ;
;    |ep16:cpu1|                                                                                                                          ; 1275 (1275)         ; 1194 (1194)               ; 0           ; 0            ; 0       ; 0         ; 0    ; 0            ; |ep16_chip|ep16:cpu1                                                                                                                                                                                                                                                                                                                                  ; ep16                              ; work         ;
;    |ep16_ram:ram_memory_0|                                                                                                              ; 79 (0)              ; 51 (0)                    ; 65536       ; 0            ; 0       ; 0         ; 0    ; 0            ; |ep16_chip|ep16_ram:ram_memory_0                                                                                                                                                                                                                                                                                                                      ; ep16_ram                          ; work         ;
;       |altsyncram:altsyncram_component|                                                                                                 ; 79 (0)              ; 51 (0)                    ; 65536       ; 0            ; 0       ; 0         ; 0    ; 0            ; |ep16_chip|ep16_ram:ram_memory_0|altsyncram:altsyncram_component                                                                                                                                                                                                                                                                                      ; altsyncram                        ; work         ;
;          |altsyncram_33u3:auto_generated|                                                                                               ; 79 (0)              ; 51 (0)                    ; 65536       ; 0            ; 0       ; 0         ; 0    ; 0            ; |ep16_chip|ep16_ram:ram_memory_0|altsyncram:altsyncram_component|altsyncram_33u3:auto_generated                                                                                                                                                                                                                                                       ; altsyncram_33u3                   ; work         ;
;             |altsyncram_nir2:altsyncram1|                                                                                               ; 0 (0)               ; 0 (0)                     ; 65536       ; 0            ; 0       ; 0         ; 0    ; 0            ; |ep16_chip|ep16_ram:ram_memory_0|altsyncram:altsyncram_component|altsyncram_33u3:auto_generated|altsyncram_nir2:altsyncram1                                                                                                                                                                                                                           ; altsyncram_nir2                   ; work         ;
;             |sld_mod_ram_rom:mgl_prim2|                                                                                                 ; 79 (56)             ; 51 (42)                   ; 0           ; 0            ; 0       ; 0         ; 0    ; 0            ; |ep16_chip|ep16_ram:ram_memory_0|altsyncram:altsyncram_component|altsyncram_33u3:auto_generated|sld_mod_ram_rom:mgl_prim2                                                                                                                                                                                                                             ; sld_mod_ram_rom                   ; work         ;
;                |sld_rom_sr:\ram_rom_logic_gen:name_gen:info_rom_sr|                                                                     ; 23 (23)             ; 9 (9)                     ; 0           ; 0            ; 0       ; 0         ; 0    ; 0            ; |ep16_chip|ep16_ram:ram_memory_0|altsyncram:altsyncram_component|altsyncram_33u3:auto_generated|sld_mod_ram_rom:mgl_prim2|sld_rom_sr:\ram_rom_logic_gen:name_gen:info_rom_sr                                                                                                                                                                          ; sld_rom_sr                        ; work         ;
;    |gpio:gpio1|                                                                                                                         ; 2 (2)               ; 32 (32)                   ; 0           ; 0            ; 0       ; 0         ; 0    ; 0            ; |ep16_chip|gpio:gpio1                                                                                                                                                                                                                                                                                                                                 ; gpio                              ; work         ;
;    |sld_hub:auto_hub|                                                                                                                   ; 123 (1)             ; 87 (0)                    ; 0           ; 0            ; 0       ; 0         ; 0    ; 0            ; |ep16_chip|sld_hub:auto_hub                                                                                                                                                                                                                                                                                                                           ; sld_hub                           ; altera_sld   ;
;       |alt_sld_fab_with_jtag_input:\instrumentation_fabric_with_node_gen:fabric_gen_new_way:with_jtag_input_gen:instrumentation_fabric| ; 122 (0)             ; 87 (0)                    ; 0           ; 0            ; 0       ; 0         ; 0    ; 0            ; |ep16_chip|sld_hub:auto_hub|alt_sld_fab_with_jtag_input:\instrumentation_fabric_with_node_gen:fabric_gen_new_way:with_jtag_input_gen:instrumentation_fabric                                                                                                                                                                                           ; alt_sld_fab_with_jtag_input       ; altera_sld   ;
;          |alt_sld_fab:instrumentation_fabric|                                                                                           ; 122 (0)             ; 87 (0)                    ; 0           ; 0            ; 0       ; 0         ; 0    ; 0            ; |ep16_chip|sld_hub:auto_hub|alt_sld_fab_with_jtag_input:\instrumentation_fabric_with_node_gen:fabric_gen_new_way:with_jtag_input_gen:instrumentation_fabric|alt_sld_fab:instrumentation_fabric                                                                                                                                                        ; alt_sld_fab                       ; alt_sld_fab  ;
;             |alt_sld_fab_alt_sld_fab:alt_sld_fab|                                                                                       ; 122 (1)             ; 87 (5)                    ; 0           ; 0            ; 0       ; 0         ; 0    ; 0            ; |ep16_chip|sld_hub:auto_hub|alt_sld_fab_with_jtag_input:\instrumentation_fabric_with_node_gen:fabric_gen_new_way:with_jtag_input_gen:instrumentation_fabric|alt_sld_fab:instrumentation_fabric|alt_sld_fab_alt_sld_fab:alt_sld_fab                                                                                                                    ; alt_sld_fab_alt_sld_fab           ; alt_sld_fab  ;
;                |alt_sld_fab_alt_sld_fab_sldfabric:sldfabric|                                                                            ; 121 (0)             ; 82 (0)                    ; 0           ; 0            ; 0       ; 0         ; 0    ; 0            ; |ep16_chip|sld_hub:auto_hub|alt_sld_fab_with_jtag_input:\instrumentation_fabric_with_node_gen:fabric_gen_new_way:with_jtag_input_gen:instrumentation_fabric|alt_sld_fab:instrumentation_fabric|alt_sld_fab_alt_sld_fab:alt_sld_fab|alt_sld_fab_alt_sld_fab_sldfabric:sldfabric                                                                        ; alt_sld_fab_alt_sld_fab_sldfabric ; alt_sld_fab  ;
;                   |sld_jtag_hub:\jtag_hub_gen:real_sld_jtag_hub|                                                                        ; 121 (85)            ; 82 (54)                   ; 0           ; 0            ; 0       ; 0         ; 0    ; 0            ; |ep16_chip|sld_hub:auto_hub|alt_sld_fab_with_jtag_input:\instrumentation_fabric_with_node_gen:fabric_gen_new_way:with_jtag_input_gen:instrumentation_fabric|alt_sld_fab:instrumentation_fabric|alt_sld_fab_alt_sld_fab:alt_sld_fab|alt_sld_fab_alt_sld_fab_sldfabric:sldfabric|sld_jtag_hub:\jtag_hub_gen:real_sld_jtag_hub                           ; sld_jtag_hub                      ; work         ;
;                      |sld_rom_sr:hub_info_reg|                                                                                          ; 18 (18)             ; 9 (9)                     ; 0           ; 0            ; 0       ; 0         ; 0    ; 0            ; |ep16_chip|sld_hub:auto_hub|alt_sld_fab_with_jtag_input:\instrumentation_fabric_with_node_gen:fabric_gen_new_way:with_jtag_input_gen:instrumentation_fabric|alt_sld_fab:instrumentation_fabric|alt_sld_fab_alt_sld_fab:alt_sld_fab|alt_sld_fab_alt_sld_fab_sldfabric:sldfabric|sld_jtag_hub:\jtag_hub_gen:real_sld_jtag_hub|sld_rom_sr:hub_info_reg   ; sld_rom_sr                        ; work         ;
;                      |sld_shadow_jsm:shadow_jsm|                                                                                        ; 18 (18)             ; 19 (19)                   ; 0           ; 0            ; 0       ; 0         ; 0    ; 0            ; |ep16_chip|sld_hub:auto_hub|alt_sld_fab_with_jtag_input:\instrumentation_fabric_with_node_gen:fabric_gen_new_way:with_jtag_input_gen:instrumentation_fabric|alt_sld_fab:instrumentation_fabric|alt_sld_fab_alt_sld_fab:alt_sld_fab|alt_sld_fab_alt_sld_fab_sldfabric:sldfabric|sld_jtag_hub:\jtag_hub_gen:real_sld_jtag_hub|sld_shadow_jsm:shadow_jsm ; sld_shadow_jsm                    ; altera_sld   ;
;    |uart:uart1|                                                                                                                         ; 138 (138)           ; 92 (92)                   ; 0           ; 0            ; 0       ; 0         ; 0    ; 0            ; |ep16_chip|uart:uart1                                                                                                                                                                                                                                                                                                                                 ; uart                              ; work         ;
+-----------------------------------------------------------------------------------------------------------------------------------------+---------------------+---------------------------+-------------+--------------+---------+-----------+------+--------------+-------------------------------------------------------------------------------------------------------------------------------------------------------------------------------------------------------------------------------------------------------------------------------------------------------------------------------------------------------+-----------------------------------+--------------+
Note: For table entries with two numbers listed, the numbers in parentheses indicate the number of resources of the given type used by the specific entity alone. The numbers listed outside of parentheses indicate the total resources of the given type used by the specific entity and all of its sub-entities in the hierarchy.


+-----------------------------------------------------------------------------------------------------------------------------------------------------------------------------------------------------------------------------------+
; Analysis & Synthesis RAM Summary                                                                                                                                                                                                  ;
+-----------------------------------------------------------------------------------------------------------------------------+------+----------------+--------------+--------------+--------------+--------------+-------+---------+
; Name                                                                                                                        ; Type ; Mode           ; Port A Depth ; Port A Width ; Port B Depth ; Port B Width ; Size  ; MIF     ;
+-----------------------------------------------------------------------------------------------------------------------------+------+----------------+--------------+--------------+--------------+--------------+-------+---------+
; ep16_ram:ram_memory_0|altsyncram:altsyncram_component|altsyncram_33u3:auto_generated|altsyncram_nir2:altsyncram1|ALTSYNCRAM ; AUTO ; True Dual Port ; 4096         ; 16           ; 4096         ; 16           ; 65536 ; mem.mif ;
+-----------------------------------------------------------------------------------------------------------------------------+------+----------------+--------------+--------------+--------------+--------------+-------+---------+


+------------------------------------------------------------------------------------------------------------------------------------------------------------------------------------------------------------------------------------------------------------------------------------------------------------------------------------------------------------------+
; Analysis & Synthesis IP Cores Summary                                                                                                                                                                                                                                                                                                                            ;
+--------+--------------+---------+--------------+--------------+--------------------------------------------------------------------------------------------------------------------------------------------------------------------------------------------------------------------------------------------------------------------------------+-----------------+
; Vendor ; IP Core Name ; Version ; Release Date ; License Type ; Entity Instance                                                                                                                                                                                                                                                                ; IP Include File ;
+--------+--------------+---------+--------------+--------------+--------------------------------------------------------------------------------------------------------------------------------------------------------------------------------------------------------------------------------------------------------------------------------+-----------------+
; Altera ; Signal Tap   ; N/A     ; N/A          ; Licensed     ; |ep16_chip|sld_hub:auto_hub|alt_sld_fab_with_jtag_input:\instrumentation_fabric_with_node_gen:fabric_gen_new_way:with_jtag_input_gen:instrumentation_fabric|alt_sld_fab:instrumentation_fabric                                                                                 ;                 ;
; Altera ; Signal Tap   ; N/A     ; N/A          ; Licensed     ; |ep16_chip|sld_hub:auto_hub|alt_sld_fab_with_jtag_input:\instrumentation_fabric_with_node_gen:fabric_gen_new_way:with_jtag_input_gen:instrumentation_fabric|alt_sld_fab:instrumentation_fabric|alt_sld_fab_alt_sld_fab:alt_sld_fab                                             ;                 ;
; Altera ; Signal Tap   ; N/A     ; N/A          ; Licensed     ; |ep16_chip|sld_hub:auto_hub|alt_sld_fab_with_jtag_input:\instrumentation_fabric_with_node_gen:fabric_gen_new_way:with_jtag_input_gen:instrumentation_fabric|alt_sld_fab:instrumentation_fabric|alt_sld_fab_alt_sld_fab:alt_sld_fab|alt_sld_fab_alt_sld_fab_presplit:presplit   ;                 ;
; Altera ; Signal Tap   ; N/A     ; N/A          ; Licensed     ; |ep16_chip|sld_hub:auto_hub|alt_sld_fab_with_jtag_input:\instrumentation_fabric_with_node_gen:fabric_gen_new_way:with_jtag_input_gen:instrumentation_fabric|alt_sld_fab:instrumentation_fabric|alt_sld_fab_alt_sld_fab:alt_sld_fab|alt_sld_fab_alt_sld_fab_sldfabric:sldfabric ;                 ;
; Altera ; Signal Tap   ; N/A     ; N/A          ; Licensed     ; |ep16_chip|sld_hub:auto_hub|alt_sld_fab_with_jtag_input:\instrumentation_fabric_with_node_gen:fabric_gen_new_way:with_jtag_input_gen:instrumentation_fabric|alt_sld_fab:instrumentation_fabric|alt_sld_fab_alt_sld_fab:alt_sld_fab|alt_sld_fab_alt_sld_fab_splitter:splitter   ;                 ;
; Altera ; RAM: 1-PORT  ; 18.1    ; N/A          ; N/A          ; |ep16_chip|ep16_ram:ram_memory_0                                                                                                                                                                                                                                               ; ep16_ram.vhd    ;
+--------+--------------+---------+--------------+--------------+--------------------------------------------------------------------------------------------------------------------------------------------------------------------------------------------------------------------------------------------------------------------------------+-----------------+


+--------------------------------------------------------------------------------+
; Registers Removed During Synthesis                                             ;
+---------------------------------------+----------------------------------------+
; Register name                         ; Reason for Removal                     ;
+---------------------------------------+----------------------------------------+
; ep16:cpu1|slot[2]                     ; Stuck at GND due to stuck port data_in ;
; Total Number of Removed Registers = 1 ;                                        ;
+---------------------------------------+----------------------------------------+


+------------------------------------------------------+
; General Register Statistics                          ;
+----------------------------------------------+-------+
; Statistic                                    ; Value ;
+----------------------------------------------+-------+
; Total registers                              ; 1456  ;
; Number of registers using Synchronous Clear  ; 19    ;
; Number of registers using Synchronous Load   ; 69    ;
; Number of registers using Asynchronous Clear ; 1378  ;
; Number of registers using Asynchronous Load  ; 0     ;
; Number of registers using Clock Enable       ; 1386  ;
; Number of registers using Preset             ; 0     ;
+----------------------------------------------+-------+


+-------------------------------------------------------------------------------------------------------------------------------------------------------------------------------------------------------------------------------------------------------------------------------------------------------------------------------------------+
; Inverted Register Statistics                                                                                                                                                                                                                                                                                                              ;
+---------------------------------------------------------------------------------------------------------------------------------------------------------------------------------------------------------------------------------------------------------------------------------------------------------------------------------+---------+
; Inverted Register                                                                                                                                                                                                                                                                                                               ; Fan out ;
+---------------------------------------------------------------------------------------------------------------------------------------------------------------------------------------------------------------------------------------------------------------------------------------------------------------------------------+---------+
; ep16:cpu1|sp1[0]                                                                                                                                                                                                                                                                                                                ; 9       ;
; ep16:cpu1|rp1[0]                                                                                                                                                                                                                                                                                                                ; 9       ;
; uart:uart1|txd_o                                                                                                                                                                                                                                                                                                                ; 2       ;
; uart:uart1|baudrate_reg[0]                                                                                                                                                                                                                                                                                                      ; 3       ;
; uart:uart1|baudrate_reg[1]                                                                                                                                                                                                                                                                                                      ; 4       ;
; uart:uart1|baudrate_reg[2]                                                                                                                                                                                                                                                                                                      ; 4       ;
; uart:uart1|baudrate_reg[3]                                                                                                                                                                                                                                                                                                      ; 4       ;
; uart:uart1|baudrate_reg[5]                                                                                                                                                                                                                                                                                                      ; 4       ;
; uart:uart1|baudrate_reg[7]                                                                                                                                                                                                                                                                                                      ; 4       ;
; uart:uart1|baudrate_reg[8]                                                                                                                                                                                                                                                                                                      ; 4       ;
; sld_hub:auto_hub|alt_sld_fab_with_jtag_input:\instrumentation_fabric_with_node_gen:fabric_gen_new_way:with_jtag_input_gen:instrumentation_fabric|alt_sld_fab:instrumentation_fabric|alt_sld_fab_alt_sld_fab:alt_sld_fab|alt_sld_fab_alt_sld_fab_sldfabric:sldfabric|sld_jtag_hub:\jtag_hub_gen:real_sld_jtag_hub|jtag_ir_reg[2] ; 2       ;
; sld_hub:auto_hub|alt_sld_fab_with_jtag_input:\instrumentation_fabric_with_node_gen:fabric_gen_new_way:with_jtag_input_gen:instrumentation_fabric|alt_sld_fab:instrumentation_fabric|alt_sld_fab_alt_sld_fab:alt_sld_fab|alt_sld_fab_alt_sld_fab_sldfabric:sldfabric|sld_jtag_hub:\jtag_hub_gen:real_sld_jtag_hub|jtag_ir_reg[1] ; 3       ;
; Total number of inverted registers = 12                                                                                                                                                                                                                                                                                         ;         ;
+---------------------------------------------------------------------------------------------------------------------------------------------------------------------------------------------------------------------------------------------------------------------------------------------------------------------------------+---------+


+------------------------------------------------------------------------------------------------------------------------------------------------------------------------------------------------------------------------------------------------------------------------------------------------------------+
; Multiplexer Restructuring Statistics (Restructuring Performed)                                                                                                                                                                                                                                             ;
+--------------------+-----------+---------------+----------------------+------------------------+------------+----------------------------------------------------------------------------------------------------------------------------------------------------------------------------------------------+
; Multiplexer Inputs ; Bus Width ; Baseline Area ; Area if Restructured ; Saving if Restructured ; Registered ; Example Multiplexer Output                                                                                                                                                                   ;
+--------------------+-----------+---------------+----------------------+------------------------+------------+----------------------------------------------------------------------------------------------------------------------------------------------------------------------------------------------+
; 3:1                ; 5 bits    ; 10 LEs        ; 5 LEs                ; 5 LEs                  ; Yes        ; |ep16_chip|ep16_ram:ram_memory_0|altsyncram:altsyncram_component|altsyncram_33u3:auto_generated|sld_mod_ram_rom:mgl_prim2|ram_rom_data_shift_cntr_reg[0]                                     ;
; 3:1                ; 16 bits   ; 32 LEs        ; 16 LEs               ; 16 LEs                 ; Yes        ; |ep16_chip|ep16_ram:ram_memory_0|altsyncram:altsyncram_component|altsyncram_33u3:auto_generated|sld_mod_ram_rom:mgl_prim2|ram_rom_data_reg[7]                                                ;
; 3:1                ; 4 bits    ; 8 LEs         ; 4 LEs                ; 4 LEs                  ; Yes        ; |ep16_chip|uart:uart1|tx_bitcnt[0]                                                                                                                                                           ;
; 3:1                ; 12 bits   ; 24 LEs        ; 12 LEs               ; 12 LEs                 ; Yes        ; |ep16_chip|ep16_ram:ram_memory_0|altsyncram:altsyncram_component|altsyncram_33u3:auto_generated|sld_mod_ram_rom:mgl_prim2|ram_rom_addr_reg[11]                                               ;
; 4:1                ; 5 bits    ; 10 LEs        ; 10 LEs               ; 0 LEs                  ; Yes        ; |ep16_chip|ep16:cpu1|p[10]                                                                                                                                                                   ;
; 4:1                ; 10 bits   ; 20 LEs        ; 20 LEs               ; 0 LEs                  ; Yes        ; |ep16_chip|ep16:cpu1|p[8]                                                                                                                                                                    ;
; 3:1                ; 4 bits    ; 8 LEs         ; 4 LEs                ; 4 LEs                  ; Yes        ; |ep16_chip|uart:uart1|rx_bitcnt[3]                                                                                                                                                           ;
; 4:1                ; 5 bits    ; 10 LEs        ; 5 LEs                ; 5 LEs                  ; Yes        ; |ep16_chip|ep16_ram:ram_memory_0|altsyncram:altsyncram_component|altsyncram_33u3:auto_generated|sld_mod_ram_rom:mgl_prim2|sld_rom_sr:\ram_rom_logic_gen:name_gen:info_rom_sr|word_counter[3] ;
; 4:1                ; 2 bits    ; 4 LEs         ; 2 LEs                ; 2 LEs                  ; Yes        ; |ep16_chip|uart:uart1|tx_shift_reg[0]                                                                                                                                                        ;
; 4:1                ; 8 bits    ; 16 LEs        ; 8 LEs                ; 8 LEs                  ; Yes        ; |ep16_chip|uart:uart1|tx_shift_reg[3]                                                                                                                                                        ;
; 6:1                ; 15 bits   ; 60 LEs        ; 30 LEs               ; 30 LEs                 ; Yes        ; |ep16_chip|ep16:cpu1|a[3]                                                                                                                                                                    ;
; 5:1                ; 16 bits   ; 48 LEs        ; 16 LEs               ; 32 LEs                 ; Yes        ; |ep16_chip|uart:uart1|tx_counter[1]                                                                                                                                                          ;
; 5:1                ; 15 bits   ; 45 LEs        ; 30 LEs               ; 15 LEs                 ; Yes        ; |ep16_chip|uart:uart1|rx_counter[5]                                                                                                                                                          ;
; 35:1               ; 16 bits   ; 368 LEs       ; 368 LEs              ; 0 LEs                  ; Yes        ; |ep16_chip|ep16:cpu1|r[15]                                                                                                                                                                   ;
; 26:1               ; 4 bits    ; 68 LEs        ; 48 LEs               ; 20 LEs                 ; Yes        ; |ep16_chip|ep16_ram:ram_memory_0|altsyncram:altsyncram_component|altsyncram_33u3:auto_generated|sld_mod_ram_rom:mgl_prim2|sld_rom_sr:\ram_rom_logic_gen:name_gen:info_rom_sr|WORD_SR[0]      ;
; 14:1               ; 13 bits   ; 117 LEs       ; 104 LEs              ; 13 LEs                 ; Yes        ; |ep16_chip|ep16:cpu1|t[2]                                                                                                                                                                    ;
; 3:1                ; 14 bits   ; 28 LEs        ; 28 LEs               ; 0 LEs                  ; No         ; |ep16_chip|ep16:cpu1|spush                                                                                                                                                                   ;
; 8:1                ; 5 bits    ; 25 LEs        ; 15 LEs               ; 10 LEs                 ; No         ; |ep16_chip|ep16:cpu1|Mux34                                                                                                                                                                   ;
; 32:1               ; 17 bits   ; 357 LEs       ; 357 LEs              ; 0 LEs                  ; No         ; |ep16_chip|ep16:cpu1|Mux3                                                                                                                                                                    ;
; 10:1               ; 7 bits    ; 42 LEs        ; 35 LEs               ; 7 LEs                  ; No         ; |ep16_chip|system_data_o[13]                                                                                                                                                                 ;
; 12:1               ; 7 bits    ; 56 LEs        ; 42 LEs               ; 14 LEs                 ; No         ; |ep16_chip|system_data_o[3]                                                                                                                                                                  ;
+--------------------+-----------+---------------+----------------------+------------------------+------------+----------------------------------------------------------------------------------------------------------------------------------------------------------------------------------------------+


+-----------------------------------------------------------------------------------------------------------------------------------------+
; Source assignments for ep16_ram:ram_memory_0|altsyncram:altsyncram_component|altsyncram_33u3:auto_generated|altsyncram_nir2:altsyncram1 ;
+---------------------------------+--------------------+------+---------------------------------------------------------------------------+
; Assignment                      ; Value              ; From ; To                                                                        ;
+---------------------------------+--------------------+------+---------------------------------------------------------------------------+
; OPTIMIZE_POWER_DURING_SYNTHESIS ; NORMAL_COMPILATION ; -    ; -                                                                         ;
+---------------------------------+--------------------+------+---------------------------------------------------------------------------+


+--------------------------------------------------------+
; Parameter Settings for User Entity Instance: ep16:cpu1 ;
+----------------+-------+-------------------------------+
; Parameter Name ; Value ; Type                          ;
+----------------+-------+-------------------------------+
; width          ; 16    ; Signed Integer                ;
+----------------+-------+-------------------------------+
Note: In order to hide this table in the UI and the text report file, please set the "Show Parameter Settings in Synthesis Report" option in "Analysis and Synthesis Settings -> More Settings" to "Off".


+----------------------------------------------------------------------------------------------------+
; Parameter Settings for User Entity Instance: ep16_ram:ram_memory_0|altsyncram:altsyncram_component ;
+------------------------------------+------------------------+--------------------------------------+
; Parameter Name                     ; Value                  ; Type                                 ;
+------------------------------------+------------------------+--------------------------------------+
; BYTE_SIZE_BLOCK                    ; 8                      ; Untyped                              ;
; AUTO_CARRY_CHAINS                  ; ON                     ; AUTO_CARRY                           ;
; IGNORE_CARRY_BUFFERS               ; OFF                    ; IGNORE_CARRY                         ;
; AUTO_CASCADE_CHAINS                ; ON                     ; AUTO_CASCADE                         ;
; IGNORE_CASCADE_BUFFERS             ; OFF                    ; IGNORE_CASCADE                       ;
; WIDTH_BYTEENA                      ; 1                      ; Untyped                              ;
; OPERATION_MODE                     ; SINGLE_PORT            ; Untyped                              ;
; WIDTH_A                            ; 16                     ; Signed Integer                       ;
; WIDTHAD_A                          ; 12                     ; Signed Integer                       ;
; NUMWORDS_A                         ; 4096                   ; Signed Integer                       ;
; OUTDATA_REG_A                      ; UNREGISTERED           ; Untyped                              ;
; ADDRESS_ACLR_A                     ; NONE                   ; Untyped                              ;
; OUTDATA_ACLR_A                     ; NONE                   ; Untyped                              ;
; WRCONTROL_ACLR_A                   ; NONE                   ; Untyped                              ;
; INDATA_ACLR_A                      ; NONE                   ; Untyped                              ;
; BYTEENA_ACLR_A                     ; NONE                   ; Untyped                              ;
; WIDTH_B                            ; 1                      ; Signed Integer                       ;
; WIDTHAD_B                          ; 1                      ; Signed Integer                       ;
; NUMWORDS_B                         ; 0                      ; Signed Integer                       ;
; INDATA_REG_B                       ; CLOCK1                 ; Untyped                              ;
; WRCONTROL_WRADDRESS_REG_B          ; CLOCK1                 ; Untyped                              ;
; RDCONTROL_REG_B                    ; CLOCK1                 ; Untyped                              ;
; ADDRESS_REG_B                      ; CLOCK1                 ; Untyped                              ;
; OUTDATA_REG_B                      ; UNREGISTERED           ; Untyped                              ;
; BYTEENA_REG_B                      ; CLOCK1                 ; Untyped                              ;
; INDATA_ACLR_B                      ; NONE                   ; Untyped                              ;
; WRCONTROL_ACLR_B                   ; NONE                   ; Untyped                              ;
; ADDRESS_ACLR_B                     ; NONE                   ; Untyped                              ;
; OUTDATA_ACLR_B                     ; NONE                   ; Untyped                              ;
; RDCONTROL_ACLR_B                   ; NONE                   ; Untyped                              ;
; BYTEENA_ACLR_B                     ; NONE                   ; Untyped                              ;
; WIDTH_BYTEENA_A                    ; 1                      ; Signed Integer                       ;
; WIDTH_BYTEENA_B                    ; 1                      ; Signed Integer                       ;
; RAM_BLOCK_TYPE                     ; AUTO                   ; Untyped                              ;
; BYTE_SIZE                          ; 8                      ; Signed Integer                       ;
; READ_DURING_WRITE_MODE_MIXED_PORTS ; DONT_CARE              ; Untyped                              ;
; READ_DURING_WRITE_MODE_PORT_A      ; NEW_DATA_WITH_NBE_READ ; Untyped                              ;
; READ_DURING_WRITE_MODE_PORT_B      ; NEW_DATA_NO_NBE_READ   ; Untyped                              ;
; INIT_FILE                          ; mem.mif                ; Untyped                              ;
; INIT_FILE_LAYOUT                   ; PORT_A                 ; Untyped                              ;
; MAXIMUM_DEPTH                      ; 0                      ; Signed Integer                       ;
; CLOCK_ENABLE_INPUT_A               ; BYPASS                 ; Untyped                              ;
; CLOCK_ENABLE_INPUT_B               ; NORMAL                 ; Untyped                              ;
; CLOCK_ENABLE_OUTPUT_A              ; BYPASS                 ; Untyped                              ;
; CLOCK_ENABLE_OUTPUT_B              ; NORMAL                 ; Untyped                              ;
; CLOCK_ENABLE_CORE_A                ; USE_INPUT_CLKEN        ; Untyped                              ;
; CLOCK_ENABLE_CORE_B                ; USE_INPUT_CLKEN        ; Untyped                              ;
; ENABLE_ECC                         ; FALSE                  ; Untyped                              ;
; ECC_PIPELINE_STAGE_ENABLED         ; FALSE                  ; Untyped                              ;
; WIDTH_ECCSTATUS                    ; 3                      ; Signed Integer                       ;
; DEVICE_FAMILY                      ; Cyclone IV E           ; Untyped                              ;
; CBXI_PARAMETER                     ; altsyncram_33u3        ; Untyped                              ;
+------------------------------------+------------------------+--------------------------------------+
Note: In order to hide this table in the UI and the text report file, please set the "Show Parameter Settings in Synthesis Report" option in "Analysis and Synthesis Settings -> More Settings" to "Off".


+---------------------------------------------------------------------------------------------------+
; altsyncram Parameter Settings by Entity Instance                                                  ;
+-------------------------------------------+-------------------------------------------------------+
; Name                                      ; Value                                                 ;
+-------------------------------------------+-------------------------------------------------------+
; Number of entity instances                ; 1                                                     ;
; Entity Instance                           ; ep16_ram:ram_memory_0|altsyncram:altsyncram_component ;
;     -- OPERATION_MODE                     ; SINGLE_PORT                                           ;
;     -- WIDTH_A                            ; 16                                                    ;
;     -- NUMWORDS_A                         ; 4096                                                  ;
;     -- OUTDATA_REG_A                      ; UNREGISTERED                                          ;
;     -- WIDTH_B                            ; 1                                                     ;
;     -- NUMWORDS_B                         ; 0                                                     ;
;     -- ADDRESS_REG_B                      ; CLOCK1                                                ;
;     -- OUTDATA_REG_B                      ; UNREGISTERED                                          ;
;     -- RAM_BLOCK_TYPE                     ; AUTO                                                  ;
;     -- READ_DURING_WRITE_MODE_MIXED_PORTS ; DONT_CARE                                             ;
+-------------------------------------------+-------------------------------------------------------+


+----------------------------------------------------------------------------------------------------------------------+
; Port Connectivity Checks: "uart:uart1"                                                                               ;
+------------+--------+----------+-------------------------------------------------------------------------------------+
; Port       ; Type   ; Severity ; Details                                                                             ;
+------------+--------+----------+-------------------------------------------------------------------------------------+
; rx_empty_o ; Output ; Info     ; Connected to dangling logic. Logic that only feeds a dangling port will be removed. ;
; rx_irq_o   ; Output ; Info     ; Connected to dangling logic. Logic that only feeds a dangling port will be removed. ;
; tx_irq_o   ; Output ; Info     ; Connected to dangling logic. Logic that only feeds a dangling port will be removed. ;
; rts_o      ; Output ; Info     ; Connected to dangling logic. Logic that only feeds a dangling port will be removed. ;
+------------+--------+----------+-------------------------------------------------------------------------------------+


+---------------------------------------------+
; Port Connectivity Checks: "ep16:cpu1"       ;
+-----------+-------+----------+--------------+
; Port      ; Type  ; Severity ; Details      ;
+-----------+-------+----------+--------------+
; interrupt ; Input ; Info     ; Stuck at GND ;
+-----------+-------+----------+--------------+


+--------------------------------------------------------------------------------------------------------------------------------------------------+
; In-System Memory Content Editor Settings                                                                                                         ;
+----------------+-------------+-------+-------+------------+--------------------------------------------------------------------------------------+
; Instance Index ; Instance ID ; Width ; Depth ; Mode       ; Hierarchy Location                                                                   ;
+----------------+-------------+-------+-------+------------+--------------------------------------------------------------------------------------+
; 0              ; MRAM        ; 16    ; 4096  ; Read/Write ; ep16_ram:ram_memory_0|altsyncram:altsyncram_component|altsyncram_33u3:auto_generated ;
+----------------+-------------+-------+-------+------------+--------------------------------------------------------------------------------------+


+-----------------------------------------------------+
; Post-Synthesis Netlist Statistics for Top Partition ;
+-----------------------+-----------------------------+
; Type                  ; Count                       ;
+-----------------------+-----------------------------+
; boundary_port         ; 48                          ;
; cycloneiii_ff         ; 1369                        ;
;     CLR               ; 26                          ;
;     CLR SCLR          ; 2                           ;
;     CLR SLD           ; 15                          ;
;     ENA               ; 20                          ;
;     ENA CLR           ; 1257                        ;
;     ENA CLR SLD       ; 44                          ;
;     ENA SCLR          ; 5                           ;
; cycloneiii_io_obuf    ; 16                          ;
; cycloneiii_lcell_comb ; 1592                        ;
;     arith             ; 128                         ;
;         1 data inputs ; 2                           ;
;         2 data inputs ; 98                          ;
;         3 data inputs ; 28                          ;
;     normal            ; 1464                        ;
;         0 data inputs ; 1                           ;
;         1 data inputs ; 23                          ;
;         2 data inputs ; 25                          ;
;         3 data inputs ; 271                         ;
;         4 data inputs ; 1144                        ;
; cycloneiii_ram_block  ; 16                          ;
;                       ;                             ;
; Max LUT depth         ; 16.60                       ;
; Average LUT depth     ; 9.09                        ;
+-----------------------+-----------------------------+


+-------------------------------+
; Elapsed Time Per Partition    ;
+----------------+--------------+
; Partition Name ; Elapsed Time ;
+----------------+--------------+
; Top            ; 00:00:05     ;
+----------------+--------------+


+-------------------------------+
; Analysis & Synthesis Messages ;
+-------------------------------+
Info: *******************************************************************
Info: Running Quartus Prime Analysis & Synthesis
    Info: Version 18.1.0 Build 625 09/12/2018 SJ Lite Edition
    Info: Processing started: Thu Dec 31 16:20:13 2020
Info: Command: quartus_map --read_settings_files=on --write_settings_files=off ep16 -c ep16
Warning (18236): Number of processors has not been specified which may cause overloading on shared machines.  Set the global assignment NUM_PARALLEL_PROCESSORS in your QSF to an appropriate value for best performance.
Info (20030): Parallel compilation is enabled and will use 4 of the 4 processors detected
Info (12021): Found 2 design units, including 1 entities, in source file uart16.vhd
    Info (12022): Found design unit 1: uart-behavioral File: C:/Users/Demom/Documents/eP16/uart16.vhd Line: 49
    Info (12023): Found entity 1: uart File: C:/Users/Demom/Documents/eP16/uart16.vhd Line: 26
Info (12021): Found 2 design units, including 1 entities, in source file gpio16.vhd
    Info (12022): Found design unit 1: gpio-behavioral File: C:/Users/Demom/Documents/eP16/gpio16.vhd Line: 40
    Info (12023): Found entity 1: gpio File: C:/Users/Demom/Documents/eP16/gpio16.vhd Line: 22
Info (12021): Found 2 design units, including 1 entities, in source file ep16_chip.vhd
    Info (12022): Found design unit 1: ep16_chip-behavioral File: C:/Users/Demom/Documents/eP16/ep16_chip.vhd Line: 49
    Info (12023): Found entity 1: ep16_chip File: C:/Users/Demom/Documents/eP16/ep16_chip.vhd Line: 33
Info (12021): Found 2 design units, including 1 entities, in source file ep16.vhd
    Info (12022): Found design unit 1: ep16-behavioral File: C:/Users/Demom/Documents/eP16/ep16.vhd Line: 44
    Info (12023): Found entity 1: ep16 File: C:/Users/Demom/Documents/eP16/ep16.vhd Line: 28
Info (12021): Found 2 design units, including 1 entities, in source file ep16_ram.vhd
    Info (12022): Found design unit 1: ep16_ram-SYN File: C:/Users/Demom/Documents/eP16/ep16_ram.vhd Line: 54
    Info (12023): Found entity 1: ep16_ram File: C:/Users/Demom/Documents/eP16/ep16_ram.vhd Line: 42
Info (12127): Elaborating entity "ep16_chip" for the top level hierarchy
Warning (10036): Verilog HDL or VHDL warning at ep16_chip.vhd(130): object "system_ack" assigned a value but never read File: C:/Users/Demom/Documents/eP16/ep16_chip.vhd Line: 130
Warning (10036): Verilog HDL or VHDL warning at ep16_chip.vhd(139): object "cpu_ready_i" assigned a value but never read File: C:/Users/Demom/Documents/eP16/ep16_chip.vhd Line: 139
Warning (10541): VHDL Signal Declaration warning at ep16_chip.vhd(140): used implicit default value for signal "cpu_ack_o" because signal was never assigned a value or an explicit default value. Use of implicit default value may introduce unintended design optimizations. File: C:/Users/Demom/Documents/eP16/ep16_chip.vhd Line: 140
Warning (10036): Verilog HDL or VHDL warning at ep16_chip.vhd(147): object "uart_rx_empty" assigned a value but never read File: C:/Users/Demom/Documents/eP16/ep16_chip.vhd Line: 147
Warning (10036): Verilog HDL or VHDL warning at ep16_chip.vhd(148): object "uart_rx_irq" assigned a value but never read File: C:/Users/Demom/Documents/eP16/ep16_chip.vhd Line: 148
Warning (10036): Verilog HDL or VHDL warning at ep16_chip.vhd(149): object "uart_tx_irq" assigned a value but never read File: C:/Users/Demom/Documents/eP16/ep16_chip.vhd Line: 149
Warning (10541): VHDL Signal Declaration warning at ep16_chip.vhd(152): used implicit default value for signal "uart_cts" because signal was never assigned a value or an explicit default value. Use of implicit default value may introduce unintended design optimizations. File: C:/Users/Demom/Documents/eP16/ep16_chip.vhd Line: 152
Warning (10036): Verilog HDL or VHDL warning at ep16_chip.vhd(153): object "uart_rts" assigned a value but never read File: C:/Users/Demom/Documents/eP16/ep16_chip.vhd Line: 153
Info (12128): Elaborating entity "ep16" for hierarchy "ep16:cpu1" File: C:/Users/Demom/Documents/eP16/ep16_chip.vhd Line: 169
Warning (10492): VHDL Process Statement warning at ep16.vhd(224): signal "i" is read inside the Process Statement but isn't in the Process Statement's sensitivity list File: C:/Users/Demom/Documents/eP16/ep16.vhd Line: 224
Info (12128): Elaborating entity "uart" for hierarchy "uart:uart1" File: C:/Users/Demom/Documents/eP16/ep16_chip.vhd Line: 207
Info (12128): Elaborating entity "ep16_ram" for hierarchy "ep16_ram:ram_memory_0" File: C:/Users/Demom/Documents/eP16/ep16_chip.vhd Line: 236
Info (12128): Elaborating entity "altsyncram" for hierarchy "ep16_ram:ram_memory_0|altsyncram:altsyncram_component" File: C:/Users/Demom/Documents/eP16/ep16_ram.vhd Line: 61
Info (12130): Elaborated megafunction instantiation "ep16_ram:ram_memory_0|altsyncram:altsyncram_component" File: C:/Users/Demom/Documents/eP16/ep16_ram.vhd Line: 61
Info (12133): Instantiated megafunction "ep16_ram:ram_memory_0|altsyncram:altsyncram_component" with the following parameter: File: C:/Users/Demom/Documents/eP16/ep16_ram.vhd Line: 61
    Info (12134): Parameter "address_aclr_a" = "UNUSED"
    Info (12134): Parameter "address_aclr_b" = "NONE"
    Info (12134): Parameter "address_reg_b" = "CLOCK1"
    Info (12134): Parameter "byte_size" = "8"
    Info (12134): Parameter "byteena_aclr_a" = "UNUSED"
    Info (12134): Parameter "byteena_aclr_b" = "NONE"
    Info (12134): Parameter "byteena_reg_b" = "CLOCK1"
    Info (12134): Parameter "clock_enable_core_a" = "USE_INPUT_CLKEN"
    Info (12134): Parameter "clock_enable_core_b" = "USE_INPUT_CLKEN"
    Info (12134): Parameter "clock_enable_input_a" = "BYPASS"
    Info (12134): Parameter "clock_enable_input_b" = "NORMAL"
    Info (12134): Parameter "clock_enable_output_a" = "BYPASS"
    Info (12134): Parameter "clock_enable_output_b" = "NORMAL"
    Info (12134): Parameter "intended_device_family" = "Cyclone IV E"
    Info (12134): Parameter "ecc_pipeline_stage_enabled" = "FALSE"
    Info (12134): Parameter "enable_ecc" = "FALSE"
    Info (12134): Parameter "implement_in_les" = "OFF"
    Info (12134): Parameter "indata_aclr_a" = "UNUSED"
    Info (12134): Parameter "indata_aclr_b" = "NONE"
    Info (12134): Parameter "indata_reg_b" = "CLOCK1"
    Info (12134): Parameter "init_file" = "mem.mif"
    Info (12134): Parameter "init_file_layout" = "PORT_A"
    Info (12134): Parameter "maximum_depth" = "0"
    Info (12134): Parameter "numwords_a" = "4096"
    Info (12134): Parameter "numwords_b" = "0"
    Info (12134): Parameter "operation_mode" = "SINGLE_PORT"
    Info (12134): Parameter "outdata_aclr_a" = "NONE"
    Info (12134): Parameter "outdata_aclr_b" = "NONE"
    Info (12134): Parameter "outdata_reg_a" = "UNREGISTERED"
    Info (12134): Parameter "outdata_reg_b" = "UNREGISTERED"
    Info (12134): Parameter "power_up_uninitialized" = "FALSE"
    Info (12134): Parameter "ram_block_type" = "AUTO"
    Info (12134): Parameter "rdcontrol_aclr_b" = "NONE"
    Info (12134): Parameter "rdcontrol_reg_b" = "CLOCK1"
    Info (12134): Parameter "read_during_write_mode_mixed_ports" = "DONT_CARE"
    Info (12134): Parameter "read_during_write_mode_port_a" = "NEW_DATA_WITH_NBE_READ"
    Info (12134): Parameter "read_during_write_mode_port_b" = "NEW_DATA_NO_NBE_READ"
    Info (12134): Parameter "stratixiv_m144k_allow_dual_clocks" = "ON"
    Info (12134): Parameter "width_a" = "16"
    Info (12134): Parameter "width_b" = "1"
    Info (12134): Parameter "width_byteena_a" = "1"
    Info (12134): Parameter "width_byteena_b" = "1"
    Info (12134): Parameter "width_eccstatus" = "3"
    Info (12134): Parameter "widthad_a" = "12"
    Info (12134): Parameter "widthad_b" = "1"
    Info (12134): Parameter "wrcontrol_aclr_a" = "UNUSED"
    Info (12134): Parameter "wrcontrol_aclr_b" = "NONE"
    Info (12134): Parameter "wrcontrol_wraddress_reg_b" = "CLOCK1"
    Info (12134): Parameter "lpm_hint" = "ENABLE_RUNTIME_MOD=YES,INSTANCE_NAME=MRAM"
    Info (12134): Parameter "lpm_type" = "altsyncram"
Info (12021): Found 1 design units, including 1 entities, in source file db/altsyncram_33u3.tdf
    Info (12023): Found entity 1: altsyncram_33u3 File: C:/Users/Demom/Documents/eP16/db/altsyncram_33u3.tdf Line: 27
Info (12128): Elaborating entity "altsyncram_33u3" for hierarchy "ep16_ram:ram_memory_0|altsyncram:altsyncram_component|altsyncram_33u3:auto_generated" File: c:/intelfpga_lite/18.1/quartus/libraries/megafunctions/altsyncram.tdf Line: 791
Info (12021): Found 1 design units, including 1 entities, in source file db/altsyncram_nir2.tdf
    Info (12023): Found entity 1: altsyncram_nir2 File: C:/Users/Demom/Documents/eP16/db/altsyncram_nir2.tdf Line: 27
Info (12128): Elaborating entity "altsyncram_nir2" for hierarchy "ep16_ram:ram_memory_0|altsyncram:altsyncram_component|altsyncram_33u3:auto_generated|altsyncram_nir2:altsyncram1" File: C:/Users/Demom/Documents/eP16/db/altsyncram_33u3.tdf Line: 36
Warning (113028): 2030 out of 4096 addresses are uninitialized. The Quartus Prime software will initialize them to "0". There are 23 warnings found, and 10 warnings are reported. File: C:/Users/Demom/Documents/eP16/mem.mif Line: 1
    Warning (113027): Addresses ranging from 1 to 3 are not initialized File: C:/Users/Demom/Documents/eP16/mem.mif Line: 1
    Warning (113027): Addresses ranging from 5 to 35 are not initialized File: C:/Users/Demom/Documents/eP16/mem.mif Line: 1
    Warning (113027): Addresses ranging from 43 to 44 are not initialized File: C:/Users/Demom/Documents/eP16/mem.mif Line: 1
    Warning (113027): Addresses ranging from 46 to 256 are not initialized File: C:/Users/Demom/Documents/eP16/mem.mif Line: 1
    Warning (113026): Memory Initialization File Address 455 is not initialized File: C:/Users/Demom/Documents/eP16/mem.mif Line: 1
    Warning (113026): Memory Initialization File Address 508 is not initialized File: C:/Users/Demom/Documents/eP16/mem.mif Line: 1
    Warning (113026): Memory Initialization File Address 645 is not initialized File: C:/Users/Demom/Documents/eP16/mem.mif Line: 1
    Warning (113026): Memory Initialization File Address 649 is not initialized File: C:/Users/Demom/Documents/eP16/mem.mif Line: 1
    Warning (113026): Memory Initialization File Address 701 is not initialized File: C:/Users/Demom/Documents/eP16/mem.mif Line: 1
    Warning (113026): Memory Initialization File Address 821 is not initialized File: C:/Users/Demom/Documents/eP16/mem.mif Line: 1
Info (12128): Elaborating entity "sld_mod_ram_rom" for hierarchy "ep16_ram:ram_memory_0|altsyncram:altsyncram_component|altsyncram_33u3:auto_generated|sld_mod_ram_rom:mgl_prim2" File: C:/Users/Demom/Documents/eP16/db/altsyncram_33u3.tdf Line: 37
Info (12130): Elaborated megafunction instantiation "ep16_ram:ram_memory_0|altsyncram:altsyncram_component|altsyncram_33u3:auto_generated|sld_mod_ram_rom:mgl_prim2" File: C:/Users/Demom/Documents/eP16/db/altsyncram_33u3.tdf Line: 37
Info (12133): Instantiated megafunction "ep16_ram:ram_memory_0|altsyncram:altsyncram_component|altsyncram_33u3:auto_generated|sld_mod_ram_rom:mgl_prim2" with the following parameter: File: C:/Users/Demom/Documents/eP16/db/altsyncram_33u3.tdf Line: 37
    Info (12134): Parameter "CVALUE" = "0000000000000000"
    Info (12134): Parameter "IS_DATA_IN_RAM" = "1"
    Info (12134): Parameter "IS_READABLE" = "1"
    Info (12134): Parameter "NODE_NAME" = "1297236301"
    Info (12134): Parameter "NUMWORDS" = "4096"
    Info (12134): Parameter "SHIFT_COUNT_BITS" = "5"
    Info (12134): Parameter "WIDTH_WORD" = "16"
    Info (12134): Parameter "WIDTHAD" = "12"
Info (12128): Elaborating entity "sld_jtag_endpoint_adapter" for hierarchy "ep16_ram:ram_memory_0|altsyncram:altsyncram_component|altsyncram_33u3:auto_generated|sld_mod_ram_rom:mgl_prim2|sld_jtag_endpoint_adapter:jtag_signal_adapter" File: c:/intelfpga_lite/18.1/quartus/libraries/megafunctions/sld_mod_ram_rom.vhd Line: 302
Info (12128): Elaborating entity "sld_jtag_endpoint_adapter_impl" for hierarchy "ep16_ram:ram_memory_0|altsyncram:altsyncram_component|altsyncram_33u3:auto_generated|sld_mod_ram_rom:mgl_prim2|sld_jtag_endpoint_adapter:jtag_signal_adapter|sld_jtag_endpoint_adapter_impl:sld_jtag_endpoint_adapter_impl_inst" File: c:/intelfpga_lite/18.1/quartus/libraries/megafunctions/sld_jtag_endpoint_adapter.vhd Line: 232
Info (12128): Elaborating entity "sld_rom_sr" for hierarchy "ep16_ram:ram_memory_0|altsyncram:altsyncram_component|altsyncram_33u3:auto_generated|sld_mod_ram_rom:mgl_prim2|sld_rom_sr:\ram_rom_logic_gen:name_gen:info_rom_sr" File: c:/intelfpga_lite/18.1/quartus/libraries/megafunctions/sld_mod_ram_rom.vhd Line: 828
Info (12128): Elaborating entity "gpio" for hierarchy "gpio:gpio1" File: C:/Users/Demom/Documents/eP16/ep16_chip.vhd Line: 249
Info (11170): Starting IP generation for the debug fabric: alt_sld_fab.
Info (11172): 2020.12.31.16:20:31 Progress: Loading sld08f9c845/alt_sld_fab_wrapper_hw.tcl
Info (11172): Alt_sld_fab.alt_sld_fab: SLD fabric agents which did not specify prefer_host were connected to JTAG
Info (11172): Alt_sld_fab: Generating alt_sld_fab "alt_sld_fab" for QUARTUS_SYNTH
Info (11172): Alt_sld_fab: "alt_sld_fab" instantiated alt_sld_fab "alt_sld_fab"
Info (11172): Presplit: "alt_sld_fab" instantiated altera_super_splitter "presplit"
Info (11172): Splitter: "alt_sld_fab" instantiated altera_sld_splitter "splitter"
Info (11172): Sldfabric: "alt_sld_fab" instantiated altera_sld_jtag_hub "sldfabric"
Info (11172): Ident: "alt_sld_fab" instantiated altera_connection_identification_hub "ident"
Info (11172): Alt_sld_fab: Done "alt_sld_fab" with 6 modules, 6 files
Info (11171): Finished IP generation for the debug fabric: alt_sld_fab.
Info (12021): Found 1 design units, including 1 entities, in source file db/ip/sld08f9c845/alt_sld_fab.v
    Info (12023): Found entity 1: alt_sld_fab File: C:/Users/Demom/Documents/eP16/db/ip/sld08f9c845/alt_sld_fab.v Line: 9
Info (12021): Found 1 design units, including 1 entities, in source file db/ip/sld08f9c845/submodules/alt_sld_fab_alt_sld_fab.v
    Info (12023): Found entity 1: alt_sld_fab_alt_sld_fab File: C:/Users/Demom/Documents/eP16/db/ip/sld08f9c845/submodules/alt_sld_fab_alt_sld_fab.v Line: 9
Info (12021): Found 1 design units, including 1 entities, in source file db/ip/sld08f9c845/submodules/alt_sld_fab_alt_sld_fab_ident.sv
    Info (12023): Found entity 1: alt_sld_fab_alt_sld_fab_ident File: C:/Users/Demom/Documents/eP16/db/ip/sld08f9c845/submodules/alt_sld_fab_alt_sld_fab_ident.sv Line: 33
Info (12021): Found 1 design units, including 1 entities, in source file db/ip/sld08f9c845/submodules/alt_sld_fab_alt_sld_fab_presplit.sv
    Info (12023): Found entity 1: alt_sld_fab_alt_sld_fab_presplit File: C:/Users/Demom/Documents/eP16/db/ip/sld08f9c845/submodules/alt_sld_fab_alt_sld_fab_presplit.sv Line: 3
Info (12021): Found 2 design units, including 1 entities, in source file db/ip/sld08f9c845/submodules/alt_sld_fab_alt_sld_fab_sldfabric.vhd
    Info (12022): Found design unit 1: alt_sld_fab_alt_sld_fab_sldfabric-rtl File: C:/Users/Demom/Documents/eP16/db/ip/sld08f9c845/submodules/alt_sld_fab_alt_sld_fab_sldfabric.vhd Line: 102
    Info (12023): Found entity 1: alt_sld_fab_alt_sld_fab_sldfabric File: C:/Users/Demom/Documents/eP16/db/ip/sld08f9c845/submodules/alt_sld_fab_alt_sld_fab_sldfabric.vhd Line: 11
Info (12021): Found 1 design units, including 1 entities, in source file db/ip/sld08f9c845/submodules/alt_sld_fab_alt_sld_fab_splitter.sv
    Info (12023): Found entity 1: alt_sld_fab_alt_sld_fab_splitter File: C:/Users/Demom/Documents/eP16/db/ip/sld08f9c845/submodules/alt_sld_fab_alt_sld_fab_splitter.sv Line: 3
Warning (13046): Tri-state node(s) do not directly drive top-level pin(s)
    Warning (13049): Converted tri-state buffer "gpio_data_i[0]" feeding internal logic into a wire File: C:/Users/Demom/Documents/eP16/ep16_chip.vhd Line: 158
    Warning (13049): Converted tri-state buffer "gpio_data_i[1]" feeding internal logic into a wire File: C:/Users/Demom/Documents/eP16/ep16_chip.vhd Line: 158
    Warning (13049): Converted tri-state buffer "gpio_data_i[2]" feeding internal logic into a wire File: C:/Users/Demom/Documents/eP16/ep16_chip.vhd Line: 158
    Warning (13049): Converted tri-state buffer "gpio_data_i[3]" feeding internal logic into a wire File: C:/Users/Demom/Documents/eP16/ep16_chip.vhd Line: 158
    Warning (13049): Converted tri-state buffer "gpio_data_i[4]" feeding internal logic into a wire File: C:/Users/Demom/Documents/eP16/ep16_chip.vhd Line: 158
    Warning (13049): Converted tri-state buffer "gpio_data_i[5]" feeding internal logic into a wire File: C:/Users/Demom/Documents/eP16/ep16_chip.vhd Line: 158
    Warning (13049): Converted tri-state buffer "gpio_data_i[6]" feeding internal logic into a wire File: C:/Users/Demom/Documents/eP16/ep16_chip.vhd Line: 158
    Warning (13049): Converted tri-state buffer "gpio_data_i[7]" feeding internal logic into a wire File: C:/Users/Demom/Documents/eP16/ep16_chip.vhd Line: 158
    Warning (13049): Converted tri-state buffer "gpio_data_i[8]" feeding internal logic into a wire File: C:/Users/Demom/Documents/eP16/ep16_chip.vhd Line: 158
    Warning (13049): Converted tri-state buffer "gpio_data_i[9]" feeding internal logic into a wire File: C:/Users/Demom/Documents/eP16/ep16_chip.vhd Line: 158
    Warning (13049): Converted tri-state buffer "gpio_data_i[10]" feeding internal logic into a wire File: C:/Users/Demom/Documents/eP16/ep16_chip.vhd Line: 158
    Warning (13049): Converted tri-state buffer "gpio_data_i[11]" feeding internal logic into a wire File: C:/Users/Demom/Documents/eP16/ep16_chip.vhd Line: 158
    Warning (13049): Converted tri-state buffer "gpio_data_i[12]" feeding internal logic into a wire File: C:/Users/Demom/Documents/eP16/ep16_chip.vhd Line: 158
    Warning (13049): Converted tri-state buffer "gpio_data_i[13]" feeding internal logic into a wire File: C:/Users/Demom/Documents/eP16/ep16_chip.vhd Line: 158
    Warning (13049): Converted tri-state buffer "gpio_data_i[14]" feeding internal logic into a wire File: C:/Users/Demom/Documents/eP16/ep16_chip.vhd Line: 158
    Warning (13049): Converted tri-state buffer "gpio_data_i[15]" feeding internal logic into a wire File: C:/Users/Demom/Documents/eP16/ep16_chip.vhd Line: 158
Info (13000): Registers with preset signals will power-up high File: C:/Users/Demom/Documents/eP16/uart16.vhd Line: 43
Info (13003): DEV_CLRn pin will set, and not reset, register with preset signal due to NOT Gate Push-Back
Info (286031): Timing-Driven Synthesis is running on partition "Top"
Info (16010): Generating hard_block partition "hard_block:auto_generated_inst"
    Info (16011): Adding 0 node(s), including 0 DDIO, 0 PLL, 0 transceiver and 0 LCELL
Info (21057): Implemented 2958 device resources after synthesis - the final resource count might be different
    Info (21058): Implemented 6 input pins
    Info (21059): Implemented 3 output pins
    Info (21060): Implemented 16 bidirectional pins
    Info (21061): Implemented 2916 logic cells
    Info (21064): Implemented 16 RAM segments
Info: Quartus Prime Analysis & Synthesis was successful. 0 errors, 38 warnings
    Info: Peak virtual memory: 4849 megabytes
    Info: Processing ended: Thu Dec 31 16:20:50 2020
    Info: Elapsed time: 00:00:37
    Info: Total CPU time (on all processors): 00:00:57


